  Building 'kernelmode' with toolset 'WindowsKernelModeDriver10.0' and the 'Universal' target platform.
  Stamping C:\Data\GitProjects\IOCTL\build\kernelmode_intermediates\kernelmode.inf
  Stamping [Version] section with DriverVer=05/12/2024,21.46.21.630
  driver.cpp
  main.cpp
  Generating Code...
  kernelmode.vcxproj -> C:\Data\GitProjects\IOCTL\build\kernelmode.sys
  Done Adding Additional Store
  Successfully signed: C:\Data\GitProjects\IOCTL\build\kernelmode.sys
  
  Driver is 'Universal'.
  ........................
  Signability test complete.
  
  Errors:
  None
  
  Warnings:
  None
  
  Catalog generation complete.
  C:\Data\GitProjects\IOCTL\build\kernelmode\kernelmode.cat
  Done Adding Additional Store
  Successfully signed: C:\Data\GitProjects\IOCTL\build\kernelmode\kernelmode.cat
  
